<?xml version="1.0" encoding="UTF-8"?>
<testsuite xmlns:xsi="http://www.w3.org/2001/XMLSchema-instance" xsi:noNamespaceSchemaLocation="https://maven.apache.org/surefire/maven-surefire-plugin/xsd/surefire-test-report.xsd" version="3.0.2" name="com.alcampoverde.ms_customer.infrastructure.in.rest.controller.CustomerControllerTest" time="0.091" tests="4" errors="0" skipped="0" failures="0">
  <properties>
[...]
</properties>
  <testcase name="testFindCustomerById" classname="com.alcampoverde.ms_customer.infrastructure.in.rest.controller.CustomerControllerTest" time="0.077"/>
  <testcase name="testUpdateCustomer" classname="com.alcampoverde.ms_customer.infrastructure.in.rest.controller.CustomerControllerTest" time="0.003"/>
  <testcase name="testDeleteCustomer" classname="com.alcampoverde.ms_customer.infrastructure.in.rest.controller.CustomerControllerTest" time="0.002"/>
  <testcase name="testFinAllCustomer" classname="com.alcampoverde.ms_customer.infrastructure.in.rest.controller.CustomerControllerTest" time="0.004"/>
</testsuite>