<?xml version="1.0" encoding="UTF-8"?>
<testsuite xmlns:xsi="http://www.w3.org/2001/XMLSchema-instance" xsi:noNamespaceSchemaLocation="https://maven.apache.org/surefire/maven-surefire-plugin/xsd/surefire-test-report.xsd" version="3.0.2" name="com.alcampoverde.ms_customer.MsCustomerApplicationTests" time="5.731" tests="1" errors="0" skipped="0" failures="0">
  <properties>
[...]
</properties>
  <testcase name="contextLoads" classname="com.alcampoverde.ms_customer.MsCustomerApplicationTests" time="0.013">
    <system-out><![CDATA[05:17:44.804 [main] INFO org.springframework.test.context.support.AnnotationConfigContextLoaderUtils -- Could not detect default configuration classes for test class [com.alcampoverde.ms_customer.MsCustomerApplicationTests]: MsCustomerApplicationTests does not declare any static, non-private, non-final, nested classes annotated with @Configuration.
05:17:44.945 [main] INFO org.springframework.boot.test.context.SpringBootTestContextBootstrapper -- Found @SpringBootConfiguration com.alcampoverde.ms_customer.MsCustomerApplication for test class com.alcampoverde.ms_customer.MsCustomerApplicationTests
          $$\                                                                                          $$\
          $$ |                                                                                         $$ |
 $$$$$$\  $$ | $$$$$$$\ $$$$$$\  $$$$$$\$$$$\   $$$$$$\   $$$$$$\ $$\    $$\  $$$$$$\   $$$$$$\   $$$$$$$ | $$$$$$\
 \____$$\ $$ |$$  _____|\____$$\ $$  _$$  _$$\ $$  __$$\ $$  __$$\\$$\  $$  |$$  __$$\ $$  __$$\ $$  __$$ |$$  __$$\
 $$$$$$$ |$$ |$$ /      $$$$$$$ |$$ / $$ / $$ |$$ /  $$ |$$ /  $$ |\$$\$$  / $$$$$$$$ |$$ |  \__|$$ /  $$ |$$$$$$$$ |
$$  __$$ |$$ |$$ |     $$  __$$ |$$ | $$ | $$ |$$ |  $$ |$$ |  $$ | \$$$  /  $$   ____|$$ |      $$ |  $$ |$$   ____|
\$$$$$$$ |$$ |\$$$$$$$\\$$$$$$$ |$$ | $$ | $$ |$$$$$$$  |\$$$$$$  |  \$  /   \$$$$$$$\ $$ |      \$$$$$$$ |\$$$$$$$\
 \_______|\__| \_______|\_______|\__| \__| \__|$$  ____/  \______/    \_/     \_______|\__|       \_______| \_______|
                                               $$ |
                                               $$ |
                                               \__|
2025-08-30T05:17:45.374-05:00  INFO 27872 --- [ms-customer] [           main] c.a.m.MsCustomerApplicationTests         : Starting MsCustomerApplicationTests using Java 23.0.2 with PID 27872 (started by lator in C:\Users\lator\Documents\springboot\reto-tecnico-sofka-alcampoverde\ms-customer)
2025-08-30T05:17:45.377-05:00  INFO 27872 --- [ms-customer] [           main] c.a.m.MsCustomerApplicationTests         : No active profile set, falling back to 1 default profile: "default"
2025-08-30T05:17:46.117-05:00  INFO 27872 --- [ms-customer] [           main] .s.d.r.c.RepositoryConfigurationDelegate : Bootstrapping Spring Data JPA repositories in DEFAULT mode.
2025-08-30T05:17:46.202-05:00  INFO 27872 --- [ms-customer] [           main] .s.d.r.c.RepositoryConfigurationDelegate : Finished Spring Data repository scanning in 73 ms. Found 1 JPA repository interface.
2025-08-30T05:17:46.784-05:00  INFO 27872 --- [ms-customer] [           main] o.hibernate.jpa.internal.util.LogHelper  : HHH000204: Processing PersistenceUnitInfo [name: default]
2025-08-30T05:17:46.833-05:00  INFO 27872 --- [ms-customer] [           main] org.hibernate.Version                    : HHH000412: Hibernate ORM core version 6.6.8.Final
2025-08-30T05:17:46.864-05:00  INFO 27872 --- [ms-customer] [           main] o.h.c.internal.RegionFactoryInitiator    : HHH000026: Second-level cache disabled
2025-08-30T05:17:46.977-05:00  INFO 27872 --- [ms-customer] [           main] o.s.o.j.p.SpringPersistenceUnitInfo      : No LoadTimeWeaver setup: ignoring JPA class transformer
2025-08-30T05:17:47.008-05:00  INFO 27872 --- [ms-customer] [           main] com.zaxxer.hikari.HikariDataSource       : HikariPool-1 - Starting...
2025-08-30T05:17:47.332-05:00  INFO 27872 --- [ms-customer] [           main] com.zaxxer.hikari.pool.HikariPool        : HikariPool-1 - Added connection com.mysql.cj.jdbc.ConnectionImpl@1f0f92f5
2025-08-30T05:17:47.334-05:00  INFO 27872 --- [ms-customer] [           main] com.zaxxer.hikari.HikariDataSource       : HikariPool-1 - Start completed.
2025-08-30T05:17:47.376-05:00  WARN 27872 --- [ms-customer] [           main] org.hibernate.orm.deprecation            : HHH90000025: MySQL8Dialect does not need to be specified explicitly using 'hibernate.dialect' (remove the property setting and it will be selected by default)
2025-08-30T05:17:47.376-05:00  WARN 27872 --- [ms-customer] [           main] org.hibernate.orm.deprecation            : HHH90000026: MySQL8Dialect has been deprecated; use org.hibernate.dialect.MySQLDialect instead
2025-08-30T05:17:47.396-05:00  INFO 27872 --- [ms-customer] [           main] org.hibernate.orm.connections.pooling    : HHH10001005: Database info:
	Database JDBC URL [Connecting through datasource 'HikariDataSource (HikariPool-1)']
	Database driver: undefined/unknown
	Database version: 8.0
	Autocommit mode: undefined/unknown
	Isolation level: undefined/unknown
	Minimum pool size: undefined/unknown
	Maximum pool size: undefined/unknown
2025-08-30T05:17:48.310-05:00  INFO 27872 --- [ms-customer] [           main] o.h.e.t.j.p.i.JtaPlatformInitiator       : HHH000489: No JTA platform available (set 'hibernate.transaction.jta.platform' to enable JTA platform integration)
2025-08-30T05:17:48.357-05:00  INFO 27872 --- [ms-customer] [           main] j.LocalContainerEntityManagerFactoryBean : Initialized JPA EntityManagerFactory for persistence unit 'default'
2025-08-30T05:17:50.183-05:00  INFO 27872 --- [ms-customer] [           main] o.a.k.clients.consumer.ConsumerConfig    : ConsumerConfig values: 
	allow.auto.create.topics = true
	auto.commit.interval.ms = 5000
	auto.include.jmx.reporter = true
	auto.offset.reset = latest
	bootstrap.servers = [localhost:9092]
	check.crcs = true
	client.dns.lookup = use_all_dns_ips
	client.id = consumer-grupo-solicitud-1
	client.rack = 
	connections.max.idle.ms = 540000
	default.api.timeout.ms = 60000
	enable.auto.commit = false
	enable.metrics.push = true
	exclude.internal.topics = true
	fetch.max.bytes = 52428800
	fetch.max.wait.ms = 500
	fetch.min.bytes = 1
	group.id = grupo-solicitud
	group.instance.id = null
	group.protocol = classic
	group.remote.assignor = null
	heartbeat.interval.ms = 3000
	interceptor.classes = []
	internal.leave.group.on.close = true
	internal.throw.on.fetch.stable.offset.unsupported = false
	isolation.level = read_uncommitted
	key.deserializer = class org.apache.kafka.common.serialization.StringDeserializer
	max.partition.fetch.bytes = 1048576
	max.poll.interval.ms = 300000
	max.poll.records = 500
	metadata.max.age.ms = 300000
	metadata.recovery.strategy = none
	metric.reporters = []
	metrics.num.samples = 2
	metrics.recording.level = INFO
	metrics.sample.window.ms = 30000
	partition.assignment.strategy = [class org.apache.kafka.clients.consumer.RangeAssignor, class org.apache.kafka.clients.consumer.CooperativeStickyAssignor]
	receive.buffer.bytes = 65536
	reconnect.backoff.max.ms = 1000
	reconnect.backoff.ms = 50
	request.timeout.ms = 30000
	retry.backoff.max.ms = 1000
	retry.backoff.ms = 100
	sasl.client.callback.handler.class = null
	sasl.jaas.config = null
	sasl.kerberos.kinit.cmd = /usr/bin/kinit
	sasl.kerberos.min.time.before.relogin = 60000
	sasl.kerberos.service.name = null
	sasl.kerberos.ticket.renew.jitter = 0.05
	sasl.kerberos.ticket.renew.window.factor = 0.8
	sasl.login.callback.handler.class = null
	sasl.login.class = null
	sasl.login.connect.timeout.ms = null
	sasl.login.read.timeout.ms = null
	sasl.login.refresh.buffer.seconds = 300
	sasl.login.refresh.min.period.seconds = 60
	sasl.login.refresh.window.factor = 0.8
	sasl.login.refresh.window.jitter = 0.05
	sasl.login.retry.backoff.max.ms = 10000
	sasl.login.retry.backoff.ms = 100
	sasl.mechanism = GSSAPI
	sasl.oauthbearer.clock.skew.seconds = 30
	sasl.oauthbearer.expected.audience = null
	sasl.oauthbearer.expected.issuer = null
	sasl.oauthbearer.jwks.endpoint.refresh.ms = 3600000
	sasl.oauthbearer.jwks.endpoint.retry.backoff.max.ms = 10000
	sasl.oauthbearer.jwks.endpoint.retry.backoff.ms = 100
	sasl.oauthbearer.jwks.endpoint.url = null
	sasl.oauthbearer.scope.claim.name = scope
	sasl.oauthbearer.sub.claim.name = sub
	sasl.oauthbearer.token.endpoint.url = null
	security.protocol = PLAINTEXT
	security.providers = null
	send.buffer.bytes = 131072
	session.timeout.ms = 45000
	socket.connection.setup.timeout.max.ms = 30000
	socket.connection.setup.timeout.ms = 10000
	ssl.cipher.suites = null
	ssl.enabled.protocols = [TLSv1.2, TLSv1.3]
	ssl.endpoint.identification.algorithm = https
	ssl.engine.factory.class = null
	ssl.key.password = null
	ssl.keymanager.algorithm = SunX509
	ssl.keystore.certificate.chain = null
	ssl.keystore.key = null
	ssl.keystore.location = null
	ssl.keystore.password = null
	ssl.keystore.type = JKS
	ssl.protocol = TLSv1.3
	ssl.provider = null
	ssl.secure.random.implementation = null
	ssl.trustmanager.algorithm = PKIX
	ssl.truststore.certificates = null
	ssl.truststore.location = null
	ssl.truststore.password = null
	ssl.truststore.type = JKS
	value.deserializer = class org.springframework.kafka.support.serializer.JsonDeserializer

2025-08-30T05:17:50.231-05:00  INFO 27872 --- [ms-customer] [           main] o.a.k.c.t.i.KafkaMetricsCollector        : initializing Kafka metrics collector
2025-08-30T05:17:50.393-05:00  INFO 27872 --- [ms-customer] [           main] o.a.kafka.common.utils.AppInfoParser     : Kafka version: 3.8.1
2025-08-30T05:17:50.394-05:00  INFO 27872 --- [ms-customer] [           main] o.a.kafka.common.utils.AppInfoParser     : Kafka commitId: 70d6ff42debf7e17
2025-08-30T05:17:50.394-05:00  INFO 27872 --- [ms-customer] [           main] o.a.kafka.common.utils.AppInfoParser     : Kafka startTimeMs: 1756549070392
2025-08-30T05:17:50.397-05:00  INFO 27872 --- [ms-customer] [           main] o.a.k.c.c.internals.LegacyKafkaConsumer  : [Consumer clientId=consumer-grupo-solicitud-1, groupId=grupo-solicitud] Subscribed to topic(s): topico-channel
2025-08-30T05:17:50.411-05:00  INFO 27872 --- [ms-customer] [           main] c.a.m.MsCustomerApplicationTests         : Started MsCustomerApplicationTests in 5.307 seconds (process running for 7.483)
]]></system-out>
  </testcase>
</testsuite>